<?xml version="1.0" encoding="UTF-8"?>
<!-- Generated by org.testng.reporters.JUnitReportReporter -->
<testsuite skipped="0" hostname="QSP-020" name="com.test.Logintest" tests="1" failures="0" timestamp="08 May 2018 04:38:46 GMT" time="10.003" errors="0">
  <testcase name="login_test" time="10.003" classname="com.test.Logintest"/>
</testsuite> <!-- com.test.Logintest -->
